Loading required package: shiny

Attaching package: 'bslib'

The following object is masked from 'package:utils':

    page


Attaching package: 'DT'

The following objects are masked from 'package:shiny':

    dataTableOutput, renderDataTable


Attaching package: 'jsonlite'

The following object is masked from 'package:shiny':

    validate


Attaching package: 'dplyr'

The following objects are masked from 'package:stats':

    filter, lag

The following objects are masked from 'package:base':

    intersect, setdiff, setequal, union


Attaching package: 'lubridate'

The following objects are masked from 'package:base':

    date, intersect, setdiff, union


Attaching package: 'kableExtra'

The following object is masked from 'package:dplyr':

    group_rows


Attaching package: 'plotly'

The following object is masked from 'package:ggplot2':

    last_plot

The following object is masked from 'package:stats':

    filter

The following object is masked from 'package:graphics':

    layout


Attaching package: 'purrr'

The following object is masked from 'package:scales':

    discard

The following object is masked from 'package:jsonlite':

    flatten


Listening on http://127.0.0.1:3838
